The target system is: Generic - 4.2.99 - arm
The host system is: Linux - 6.8.0-83-generic - x86_64
Compiling the C compiler identification source file "CMakeCCompilerId.c" succeeded.
Compiler: /opt/zephyr-sdk/arm-zephyr-eabi/bin/arm-zephyr-eabi-gcc 
Build flags: 
Id flags: -c 

The output was:
0


Compilation of the C compiler identification source "CMakeCCompilerId.c" produced "CMakeCCompilerId.o"

The C compiler identification is GNU, found in "/home/sassinak/Engineer-workspace/Engineer/RP_Engineer/samples/boards/damiao_mc02/ws2812/build/CMakeFiles/3.22.1/CompilerIdC/CMakeCCompilerId.o"

Compiling the CXX compiler identification source file "CMakeCXXCompilerId.cpp" succeeded.
Compiler: /opt/zephyr-sdk/arm-zephyr-eabi/bin/arm-zephyr-eabi-g++ 
Build flags: 
Id flags: -c 

The output was:
0


Compilation of the CXX compiler identification source "CMakeCXXCompilerId.cpp" produced "CMakeCXXCompilerId.o"

The CXX compiler identification is GNU, found in "/home/sassinak/Engineer-workspace/Engineer/RP_Engineer/samples/boards/damiao_mc02/ws2812/build/CMakeFiles/3.22.1/CompilerIdCXX/CMakeCXXCompilerId.o"

Checking whether the ASM compiler is GNU using "--version" matched "(GNU assembler)|(GCC)|(Free Software Foundation)":
arm-zephyr-eabi-gcc (Zephyr SDK 0.17.3) 12.2.0
Copyright (C) 2022 Free Software Foundation, Inc.
This is free software; see the source for copying conditions.  There is NO
warranty; not even for MERCHANTABILITY or FITNESS FOR A PARTICULAR PURPOSE.

Performing C++ SOURCE FILE Test check_Wall_CXX__nostartfiles__nostdlib__isystem___opt_zephyr_sdk_arm_zephyr_eabi_bin____lib_gcc_arm_zephyr_eabi_12_2_0_include___isystem___opt_zephyr_sdk_arm_zephyr_eabi_bin____lib_gcc_arm_zephyr_eabi_12_2_0_include_fixed___Wl___unresolved_symbols_ignore_in_object_files__Wl___entry_0__fuse_ld_bfd succeeded with the following output:
Change Dir: /home/sassinak/Engineer-workspace/Engineer/RP_Engineer/samples/boards/damiao_mc02/ws2812/build/CMakeFiles/CMakeTmp

Run Build Command(s):/home/sassinak/.local/bin/ninja cmTC_de305 && [1/2] Building CXX object CMakeFiles/cmTC_de305.dir/src.cxx.obj
[2/2] Linking CXX executable cmTC_de305


Source file was:
int main() { return 0; }
Performing C++ SOURCE FILE Test check_Wformat__Wformat_security_CXX__nostartfiles__nostdlib__isystem___opt_zephyr_sdk_arm_zephyr_eabi_bin____lib_gcc_arm_zephyr_eabi_12_2_0_include___isystem___opt_zephyr_sdk_arm_zephyr_eabi_bin____lib_gcc_arm_zephyr_eabi_12_2_0_include_fixed___Wl___unresolved_symbols_ignore_in_object_files__Wl___entry_0__fuse_ld_bfd succeeded with the following output:
Change Dir: /home/sassinak/Engineer-workspace/Engineer/RP_Engineer/samples/boards/damiao_mc02/ws2812/build/CMakeFiles/CMakeTmp

Run Build Command(s):/home/sassinak/.local/bin/ninja cmTC_2f29a && [1/2] Building CXX object CMakeFiles/cmTC_2f29a.dir/src.cxx.obj
[2/2] Linking CXX executable cmTC_2f29a


Source file was:
int main() { return 0; }
Performing C++ SOURCE FILE Test check_Wformat__Wformat_zero_length_CXX__nostartfiles__nostdlib__isystem___opt_zephyr_sdk_arm_zephyr_eabi_bin____lib_gcc_arm_zephyr_eabi_12_2_0_include___isystem___opt_zephyr_sdk_arm_zephyr_eabi_bin____lib_gcc_arm_zephyr_eabi_12_2_0_include_fixed___Wl___unresolved_symbols_ignore_in_object_files__Wl___entry_0__fuse_ld_bfd succeeded with the following output:
Change Dir: /home/sassinak/Engineer-workspace/Engineer/RP_Engineer/samples/boards/damiao_mc02/ws2812/build/CMakeFiles/CMakeTmp

Run Build Command(s):/home/sassinak/.local/bin/ninja cmTC_87019 && [1/2] Building CXX object CMakeFiles/cmTC_87019.dir/src.cxx.obj
[2/2] Linking CXX executable cmTC_87019


Source file was:
int main() { return 0; }
Performing C++ SOURCE FILE Test check_Wdouble_promotion_CXX__nostartfiles__nostdlib__isystem___opt_zephyr_sdk_arm_zephyr_eabi_bin____lib_gcc_arm_zephyr_eabi_12_2_0_include___isystem___opt_zephyr_sdk_arm_zephyr_eabi_bin____lib_gcc_arm_zephyr_eabi_12_2_0_include_fixed___Wl___unresolved_symbols_ignore_in_object_files__Wl___entry_0__fuse_ld_bfd succeeded with the following output:
Change Dir: /home/sassinak/Engineer-workspace/Engineer/RP_Engineer/samples/boards/damiao_mc02/ws2812/build/CMakeFiles/CMakeTmp

Run Build Command(s):/home/sassinak/.local/bin/ninja cmTC_8600c && [1/2] Building CXX object CMakeFiles/cmTC_8600c.dir/src.cxx.obj
[2/2] Linking CXX executable cmTC_8600c


Source file was:
int main() { return 0; }
Performing C++ SOURCE FILE Test check_Wpointer_arith_CXX__nostartfiles__nostdlib__isystem___opt_zephyr_sdk_arm_zephyr_eabi_bin____lib_gcc_arm_zephyr_eabi_12_2_0_include___isystem___opt_zephyr_sdk_arm_zephyr_eabi_bin____lib_gcc_arm_zephyr_eabi_12_2_0_include_fixed___Wl___unresolved_symbols_ignore_in_object_files__Wl___entry_0__fuse_ld_bfd succeeded with the following output:
Change Dir: /home/sassinak/Engineer-workspace/Engineer/RP_Engineer/samples/boards/damiao_mc02/ws2812/build/CMakeFiles/CMakeTmp

Run Build Command(s):/home/sassinak/.local/bin/ninja cmTC_46e7a && [1/2] Building CXX object CMakeFiles/cmTC_46e7a.dir/src.cxx.obj
[2/2] Linking CXX executable cmTC_46e7a


Source file was:
int main() { return 0; }
Performing C++ SOURCE FILE Test check_Wexpansion_to_defined_CXX__nostartfiles__nostdlib__isystem___opt_zephyr_sdk_arm_zephyr_eabi_bin____lib_gcc_arm_zephyr_eabi_12_2_0_include___isystem___opt_zephyr_sdk_arm_zephyr_eabi_bin____lib_gcc_arm_zephyr_eabi_12_2_0_include_fixed___Wl___unresolved_symbols_ignore_in_object_files__Wl___entry_0__fuse_ld_bfd succeeded with the following output:
Change Dir: /home/sassinak/Engineer-workspace/Engineer/RP_Engineer/samples/boards/damiao_mc02/ws2812/build/CMakeFiles/CMakeTmp

Run Build Command(s):/home/sassinak/.local/bin/ninja cmTC_60e06 && [1/2] Building CXX object CMakeFiles/cmTC_60e06.dir/src.cxx.obj
[2/2] Linking CXX executable cmTC_60e06


Source file was:
int main() { return 0; }
Performing C++ SOURCE FILE Test check_Wlogical_op_CXX__nostartfiles__nostdlib__isystem___opt_zephyr_sdk_arm_zephyr_eabi_bin____lib_gcc_arm_zephyr_eabi_12_2_0_include___isystem___opt_zephyr_sdk_arm_zephyr_eabi_bin____lib_gcc_arm_zephyr_eabi_12_2_0_include_fixed___Wl___unresolved_symbols_ignore_in_object_files__Wl___entry_0__fuse_ld_bfd succeeded with the following output:
Change Dir: /home/sassinak/Engineer-workspace/Engineer/RP_Engineer/samples/boards/damiao_mc02/ws2812/build/CMakeFiles/CMakeTmp

Run Build Command(s):/home/sassinak/.local/bin/ninja cmTC_eeffa && [1/2] Building CXX object CMakeFiles/cmTC_eeffa.dir/src.cxx.obj
[2/2] Linking CXX executable cmTC_eeffa


Source file was:
int main() { return 0; }
Performing C++ SOURCE FILE Test check_Wmissing_field_initializers_CXX__nostartfiles__nostdlib__isystem___opt_zephyr_sdk_arm_zephyr_eabi_bin____lib_gcc_arm_zephyr_eabi_12_2_0_include___isystem___opt_zephyr_sdk_arm_zephyr_eabi_bin____lib_gcc_arm_zephyr_eabi_12_2_0_include_fixed___Wl___unresolved_symbols_ignore_in_object_files__Wl___entry_0__fuse_ld_bfd succeeded with the following output:
Change Dir: /home/sassinak/Engineer-workspace/Engineer/RP_Engineer/samples/boards/damiao_mc02/ws2812/build/CMakeFiles/CMakeTmp

Run Build Command(s):/home/sassinak/.local/bin/ninja cmTC_ce888 && [1/2] Building CXX object CMakeFiles/cmTC_ce888.dir/src.cxx.obj
[2/2] Linking CXX executable cmTC_ce888


Source file was:
int main() { return 0; }
Performing C++ SOURCE FILE Test check_Wpacked_bitfield_compat_CXX__nostartfiles__nostdlib__isystem___opt_zephyr_sdk_arm_zephyr_eabi_bin____lib_gcc_arm_zephyr_eabi_12_2_0_include___isystem___opt_zephyr_sdk_arm_zephyr_eabi_bin____lib_gcc_arm_zephyr_eabi_12_2_0_include_fixed___Wl___unresolved_symbols_ignore_in_object_files__Wl___entry_0__fuse_ld_bfd succeeded with the following output:
Change Dir: /home/sassinak/Engineer-workspace/Engineer/RP_Engineer/samples/boards/damiao_mc02/ws2812/build/CMakeFiles/CMakeTmp

Run Build Command(s):/home/sassinak/.local/bin/ninja cmTC_ea652 && [1/2] Building CXX object CMakeFiles/cmTC_ea652.dir/src.cxx.obj
[2/2] Linking CXX executable cmTC_ea652


Source file was:
int main() { return 0; }
Performing C++ SOURCE FILE Test check_Wvla_CXX__nostartfiles__nostdlib__isystem___opt_zephyr_sdk_arm_zephyr_eabi_bin____lib_gcc_arm_zephyr_eabi_12_2_0_include___isystem___opt_zephyr_sdk_arm_zephyr_eabi_bin____lib_gcc_arm_zephyr_eabi_12_2_0_include_fixed___Wl___unresolved_symbols_ignore_in_object_files__Wl___entry_0__fuse_ld_bfd succeeded with the following output:
Change Dir: /home/sassinak/Engineer-workspace/Engineer/RP_Engineer/samples/boards/damiao_mc02/ws2812/build/CMakeFiles/CMakeTmp

Run Build Command(s):/home/sassinak/.local/bin/ninja cmTC_509c5 && [1/2] Building CXX object CMakeFiles/cmTC_509c5.dir/src.cxx.obj
[2/2] Linking CXX executable cmTC_509c5


Source file was:
int main() { return 0; }
Performing C++ SOURCE FILE Test check_Wunused_but_set_variable_CXX__nostartfiles__nostdlib__isystem___opt_zephyr_sdk_arm_zephyr_eabi_bin____lib_gcc_arm_zephyr_eabi_12_2_0_include___isystem___opt_zephyr_sdk_arm_zephyr_eabi_bin____lib_gcc_arm_zephyr_eabi_12_2_0_include_fixed___Wl___unresolved_symbols_ignore_in_object_files__Wl___entry_0__fuse_ld_bfd succeeded with the following output:
Change Dir: /home/sassinak/Engineer-workspace/Engineer/RP_Engineer/samples/boards/damiao_mc02/ws2812/build/CMakeFiles/CMakeTmp

Run Build Command(s):/home/sassinak/.local/bin/ninja cmTC_1da40 && [1/2] Building CXX object CMakeFiles/cmTC_1da40.dir/src.cxx.obj
[2/2] Linking CXX executable cmTC_1da40


Source file was:
int main() { return 0; }
Performing C++ SOURCE FILE Test check_fno_printf_return_value_CXX__nostartfiles__nostdlib__isystem___opt_zephyr_sdk_arm_zephyr_eabi_bin____lib_gcc_arm_zephyr_eabi_12_2_0_include___isystem___opt_zephyr_sdk_arm_zephyr_eabi_bin____lib_gcc_arm_zephyr_eabi_12_2_0_include_fixed___Wl___unresolved_symbols_ignore_in_object_files__Wl___entry_0__fuse_ld_bfd succeeded with the following output:
Change Dir: /home/sassinak/Engineer-workspace/Engineer/RP_Engineer/samples/boards/damiao_mc02/ws2812/build/CMakeFiles/CMakeTmp

Run Build Command(s):/home/sassinak/.local/bin/ninja cmTC_3e0c0 && [1/2] Building CXX object CMakeFiles/cmTC_3e0c0.dir/src.cxx.obj
[2/2] Linking CXX executable cmTC_3e0c0


Source file was:
int main() { return 0; }
Performing C++ SOURCE FILE Test check_mstack_protector_guard_global_CXX__nostartfiles__nostdlib__isystem___opt_zephyr_sdk_arm_zephyr_eabi_bin____lib_gcc_arm_zephyr_eabi_12_2_0_include___isystem___opt_zephyr_sdk_arm_zephyr_eabi_bin____lib_gcc_arm_zephyr_eabi_12_2_0_include_fixed___Wl___unresolved_symbols_ignore_in_object_files__Wl___entry_0__fuse_ld_bfd succeeded with the following output:
Change Dir: /home/sassinak/Engineer-workspace/Engineer/RP_Engineer/samples/boards/damiao_mc02/ws2812/build/CMakeFiles/CMakeTmp

Run Build Command(s):/home/sassinak/.local/bin/ninja cmTC_075c1 && [1/2] Building CXX object CMakeFiles/cmTC_075c1.dir/src.cxx.obj
[2/2] Linking CXX executable cmTC_075c1


Source file was:
int main() { return 0; }
Performing C++ SOURCE FILE Test check_fsanitize_undefined_CXX__nostartfiles__nostdlib__isystem___opt_zephyr_sdk_arm_zephyr_eabi_bin____lib_gcc_arm_zephyr_eabi_12_2_0_include___isystem___opt_zephyr_sdk_arm_zephyr_eabi_bin____lib_gcc_arm_zephyr_eabi_12_2_0_include_fixed___Wl___unresolved_symbols_ignore_in_object_files__Wl___entry_0__fuse_ld_bfd succeeded with the following output:
Change Dir: /home/sassinak/Engineer-workspace/Engineer/RP_Engineer/samples/boards/damiao_mc02/ws2812/build/CMakeFiles/CMakeTmp

Run Build Command(s):/home/sassinak/.local/bin/ninja cmTC_9ab71 && [1/2] Building CXX object CMakeFiles/cmTC_9ab71.dir/src.cxx.obj
[2/2] Linking CXX executable cmTC_9ab71


Source file was:
int main() { return 0; }
Performing C++ SOURCE FILE Test check_fsanitize_undefined_trap_on_error_CXX__nostartfiles__nostdlib__isystem___opt_zephyr_sdk_arm_zephyr_eabi_bin____lib_gcc_arm_zephyr_eabi_12_2_0_include___isystem___opt_zephyr_sdk_arm_zephyr_eabi_bin____lib_gcc_arm_zephyr_eabi_12_2_0_include_fixed___Wl___unresolved_symbols_ignore_in_object_files__Wl___entry_0__fuse_ld_bfd succeeded with the following output:
Change Dir: /home/sassinak/Engineer-workspace/Engineer/RP_Engineer/samples/boards/damiao_mc02/ws2812/build/CMakeFiles/CMakeTmp

Run Build Command(s):/home/sassinak/.local/bin/ninja cmTC_d023a && [1/2] Building CXX object CMakeFiles/cmTC_d023a.dir/src.cxx.obj
[2/2] Linking CXX executable cmTC_d023a


Source file was:
int main() { return 0; }
Performing C++ SOURCE FILE Test check_fno_freestanding_CXX__nostartfiles__nostdlib__isystem___opt_zephyr_sdk_arm_zephyr_eabi_bin____lib_gcc_arm_zephyr_eabi_12_2_0_include___isystem___opt_zephyr_sdk_arm_zephyr_eabi_bin____lib_gcc_arm_zephyr_eabi_12_2_0_include_fixed___Wl___unresolved_symbols_ignore_in_object_files__Wl___entry_0__fuse_ld_bfd succeeded with the following output:
Change Dir: /home/sassinak/Engineer-workspace/Engineer/RP_Engineer/samples/boards/damiao_mc02/ws2812/build/CMakeFiles/CMakeTmp

Run Build Command(s):/home/sassinak/.local/bin/ninja cmTC_53ea9 && [1/2] Building CXX object CMakeFiles/cmTC_53ea9.dir/src.cxx.obj
[2/2] Linking CXX executable cmTC_53ea9


Source file was:
int main() { return 0; }
Performing C++ SOURCE FILE Test check_ffreestanding_CXX__nostartfiles__nostdlib__isystem___opt_zephyr_sdk_arm_zephyr_eabi_bin____lib_gcc_arm_zephyr_eabi_12_2_0_include___isystem___opt_zephyr_sdk_arm_zephyr_eabi_bin____lib_gcc_arm_zephyr_eabi_12_2_0_include_fixed___Wl___unresolved_symbols_ignore_in_object_files__Wl___entry_0__fuse_ld_bfd succeeded with the following output:
Change Dir: /home/sassinak/Engineer-workspace/Engineer/RP_Engineer/samples/boards/damiao_mc02/ws2812/build/CMakeFiles/CMakeTmp

Run Build Command(s):/home/sassinak/.local/bin/ninja cmTC_25a80 && [1/2] Building CXX object CMakeFiles/cmTC_25a80.dir/src.cxx.obj
[2/2] Linking CXX executable cmTC_25a80


Source file was:
int main() { return 0; }
Performing C++ SOURCE FILE Test check_gdwarf_4_CXX__nostartfiles__nostdlib__isystem___opt_zephyr_sdk_arm_zephyr_eabi_bin____lib_gcc_arm_zephyr_eabi_12_2_0_include___isystem___opt_zephyr_sdk_arm_zephyr_eabi_bin____lib_gcc_arm_zephyr_eabi_12_2_0_include_fixed___Wl___unresolved_symbols_ignore_in_object_files__Wl___entry_0__fuse_ld_bfd succeeded with the following output:
Change Dir: /home/sassinak/Engineer-workspace/Engineer/RP_Engineer/samples/boards/damiao_mc02/ws2812/build/CMakeFiles/CMakeTmp

Run Build Command(s):/home/sassinak/.local/bin/ninja cmTC_13c52 && [1/2] Building CXX object CMakeFiles/cmTC_13c52.dir/src.cxx.obj
[2/2] Linking CXX executable cmTC_13c52


Source file was:
int main() { return 0; }
Performing C++ SOURCE FILE Test check_fdiagnostics_color_always_CXX__nostartfiles__nostdlib__isystem___opt_zephyr_sdk_arm_zephyr_eabi_bin____lib_gcc_arm_zephyr_eabi_12_2_0_include___isystem___opt_zephyr_sdk_arm_zephyr_eabi_bin____lib_gcc_arm_zephyr_eabi_12_2_0_include_fixed___Wl___unresolved_symbols_ignore_in_object_files__Wl___entry_0__fuse_ld_bfd succeeded with the following output:
Change Dir: /home/sassinak/Engineer-workspace/Engineer/RP_Engineer/samples/boards/damiao_mc02/ws2812/build/CMakeFiles/CMakeTmp

Run Build Command(s):/home/sassinak/.local/bin/ninja cmTC_00ab4 && [1/2] Building CXX object CMakeFiles/cmTC_00ab4.dir/src.cxx.obj
[2/2] Linking CXX executable cmTC_00ab4


Source file was:
int main() { return 0; }
Performing C++ SOURCE FILE Test check_fno_asynchronous_unwind_tables_CXX__nostartfiles__nostdlib__isystem___opt_zephyr_sdk_arm_zephyr_eabi_bin____lib_gcc_arm_zephyr_eabi_12_2_0_include___isystem___opt_zephyr_sdk_arm_zephyr_eabi_bin____lib_gcc_arm_zephyr_eabi_12_2_0_include_fixed___Wl___unresolved_symbols_ignore_in_object_files__Wl___entry_0__fuse_ld_bfd succeeded with the following output:
Change Dir: /home/sassinak/Engineer-workspace/Engineer/RP_Engineer/samples/boards/damiao_mc02/ws2812/build/CMakeFiles/CMakeTmp

Run Build Command(s):/home/sassinak/.local/bin/ninja cmTC_61bb3 && [1/2] Building CXX object CMakeFiles/cmTC_61bb3.dir/src.cxx.obj
[2/2] Linking CXX executable cmTC_61bb3


Source file was:
int main() { return 0; }
Performing C++ SOURCE FILE Test check_ftls_model_local_exec_CXX__nostartfiles__nostdlib__isystem___opt_zephyr_sdk_arm_zephyr_eabi_bin____lib_gcc_arm_zephyr_eabi_12_2_0_include___isystem___opt_zephyr_sdk_arm_zephyr_eabi_bin____lib_gcc_arm_zephyr_eabi_12_2_0_include_fixed___Wl___unresolved_symbols_ignore_in_object_files__Wl___entry_0__fuse_ld_bfd succeeded with the following output:
Change Dir: /home/sassinak/Engineer-workspace/Engineer/RP_Engineer/samples/boards/damiao_mc02/ws2812/build/CMakeFiles/CMakeTmp

Run Build Command(s):/home/sassinak/.local/bin/ninja cmTC_99982 && [1/2] Building CXX object CMakeFiles/cmTC_99982.dir/src.cxx.obj
[2/2] Linking CXX executable cmTC_99982


Source file was:
int main() { return 0; }
Performing C++ SOURCE FILE Test check_fno_reorder_functions_CXX__nostartfiles__nostdlib__isystem___opt_zephyr_sdk_arm_zephyr_eabi_bin____lib_gcc_arm_zephyr_eabi_12_2_0_include___isystem___opt_zephyr_sdk_arm_zephyr_eabi_bin____lib_gcc_arm_zephyr_eabi_12_2_0_include_fixed___Wl___unresolved_symbols_ignore_in_object_files__Wl___entry_0__fuse_ld_bfd succeeded with the following output:
Change Dir: /home/sassinak/Engineer-workspace/Engineer/RP_Engineer/samples/boards/damiao_mc02/ws2812/build/CMakeFiles/CMakeTmp

Run Build Command(s):/home/sassinak/.local/bin/ninja cmTC_03f7c && [1/2] Building CXX object CMakeFiles/cmTC_03f7c.dir/src.cxx.obj
[2/2] Linking CXX executable cmTC_03f7c


Source file was:
int main() { return 0; }
Performing C++ SOURCE FILE Test check__param_min_pagesize_0_CXX__nostartfiles__nostdlib__isystem___opt_zephyr_sdk_arm_zephyr_eabi_bin____lib_gcc_arm_zephyr_eabi_12_2_0_include___isystem___opt_zephyr_sdk_arm_zephyr_eabi_bin____lib_gcc_arm_zephyr_eabi_12_2_0_include_fixed___Wl___unresolved_symbols_ignore_in_object_files__Wl___entry_0__fuse_ld_bfd succeeded with the following output:
Change Dir: /home/sassinak/Engineer-workspace/Engineer/RP_Engineer/samples/boards/damiao_mc02/ws2812/build/CMakeFiles/CMakeTmp

Run Build Command(s):/home/sassinak/.local/bin/ninja cmTC_0ac4a && [1/2] Building CXX object CMakeFiles/cmTC_0ac4a.dir/src.cxx.obj
[2/2] Linking CXX executable cmTC_0ac4a


Source file was:
int main() { return 0; }
Performing C++ SOURCE FILE Test check_fno_defer_pop_CXX__nostartfiles__nostdlib__isystem___opt_zephyr_sdk_arm_zephyr_eabi_bin____lib_gcc_arm_zephyr_eabi_12_2_0_include___isystem___opt_zephyr_sdk_arm_zephyr_eabi_bin____lib_gcc_arm_zephyr_eabi_12_2_0_include_fixed___Wl___unresolved_symbols_ignore_in_object_files__Wl___entry_0__fuse_ld_bfd succeeded with the following output:
Change Dir: /home/sassinak/Engineer-workspace/Engineer/RP_Engineer/samples/boards/damiao_mc02/ws2812/build/CMakeFiles/CMakeTmp

Run Build Command(s):/home/sassinak/.local/bin/ninja cmTC_a2791 && [1/2] Building CXX object CMakeFiles/cmTC_a2791.dir/src.cxx.obj
[2/2] Linking CXX executable cmTC_a2791


Source file was:
int main() { return 0; }
Performing C++ SOURCE FILE Test check_fmacro_prefix_map__home_sassinak_Engineer_workspace_Engineer_RP_Engineer_samples_boards_damiao_mc02_ws2812_CMAKE_SOURCE_DIR_CXX__nostartfiles__nostdlib__isystem___opt_zephyr_sdk_arm_zephyr_eabi_bin____lib_gcc_arm_zephyr_eabi_12_2_0_include___isystem___opt_zephyr_sdk_arm_zephyr_eabi_bin____lib_gcc_arm_zephyr_eabi_12_2_0_include_fixed___Wl___unresolved_symbols_ignore_in_object_files__Wl___entry_0__fuse_ld_bfd succeeded with the following output:
Change Dir: /home/sassinak/Engineer-workspace/Engineer/RP_Engineer/samples/boards/damiao_mc02/ws2812/build/CMakeFiles/CMakeTmp

Run Build Command(s):/home/sassinak/.local/bin/ninja cmTC_bbf8a && [1/2] Building CXX object CMakeFiles/cmTC_bbf8a.dir/src.cxx.obj
[2/2] Linking CXX executable cmTC_bbf8a


Source file was:
int main() { return 0; }
Performing C++ SOURCE FILE Test check_fmacro_prefix_map__home_sassinak_Engineer_workspace_Engineer_sdk_zephyr_ZEPHYR_BASE_CXX__nostartfiles__nostdlib__isystem___opt_zephyr_sdk_arm_zephyr_eabi_bin____lib_gcc_arm_zephyr_eabi_12_2_0_include___isystem___opt_zephyr_sdk_arm_zephyr_eabi_bin____lib_gcc_arm_zephyr_eabi_12_2_0_include_fixed___Wl___unresolved_symbols_ignore_in_object_files__Wl___entry_0__fuse_ld_bfd succeeded with the following output:
Change Dir: /home/sassinak/Engineer-workspace/Engineer/RP_Engineer/samples/boards/damiao_mc02/ws2812/build/CMakeFiles/CMakeTmp

Run Build Command(s):/home/sassinak/.local/bin/ninja cmTC_41add && [1/2] Building CXX object CMakeFiles/cmTC_41add.dir/src.cxx.obj
[2/2] Linking CXX executable cmTC_41add


Source file was:
int main() { return 0; }
Performing C++ SOURCE FILE Test check_fmacro_prefix_map__home_sassinak_Engineer_workspace_WEST_TOPDIR_CXX__nostartfiles__nostdlib__isystem___opt_zephyr_sdk_arm_zephyr_eabi_bin____lib_gcc_arm_zephyr_eabi_12_2_0_include___isystem___opt_zephyr_sdk_arm_zephyr_eabi_bin____lib_gcc_arm_zephyr_eabi_12_2_0_include_fixed___Wl___unresolved_symbols_ignore_in_object_files__Wl___entry_0__fuse_ld_bfd succeeded with the following output:
Change Dir: /home/sassinak/Engineer-workspace/Engineer/RP_Engineer/samples/boards/damiao_mc02/ws2812/build/CMakeFiles/CMakeTmp

Run Build Command(s):/home/sassinak/.local/bin/ninja cmTC_2b328 && [1/2] Building CXX object CMakeFiles/cmTC_2b328.dir/src.cxx.obj
[2/2] Linking CXX executable cmTC_2b328


Source file was:
int main() { return 0; }
Performing C++ SOURCE FILE Test check_ffunction_sections_CXX__nostartfiles__nostdlib__isystem___opt_zephyr_sdk_arm_zephyr_eabi_bin____lib_gcc_arm_zephyr_eabi_12_2_0_include___isystem___opt_zephyr_sdk_arm_zephyr_eabi_bin____lib_gcc_arm_zephyr_eabi_12_2_0_include_fixed___Wl___unresolved_symbols_ignore_in_object_files__Wl___entry_0__fuse_ld_bfd succeeded with the following output:
Change Dir: /home/sassinak/Engineer-workspace/Engineer/RP_Engineer/samples/boards/damiao_mc02/ws2812/build/CMakeFiles/CMakeTmp

Run Build Command(s):/home/sassinak/.local/bin/ninja cmTC_f9514 && [1/2] Building CXX object CMakeFiles/cmTC_f9514.dir/src.cxx.obj
[2/2] Linking CXX executable cmTC_f9514


Source file was:
int main() { return 0; }
Performing C++ SOURCE FILE Test check_fdata_sections_CXX__nostartfiles__nostdlib__isystem___opt_zephyr_sdk_arm_zephyr_eabi_bin____lib_gcc_arm_zephyr_eabi_12_2_0_include___isystem___opt_zephyr_sdk_arm_zephyr_eabi_bin____lib_gcc_arm_zephyr_eabi_12_2_0_include_fixed___Wl___unresolved_symbols_ignore_in_object_files__Wl___entry_0__fuse_ld_bfd succeeded with the following output:
Change Dir: /home/sassinak/Engineer-workspace/Engineer/RP_Engineer/samples/boards/damiao_mc02/ws2812/build/CMakeFiles/CMakeTmp

Run Build Command(s):/home/sassinak/.local/bin/ninja cmTC_7c469 && [1/2] Building CXX object CMakeFiles/cmTC_7c469.dir/src.cxx.obj
[2/2] Linking CXX executable cmTC_7c469


Source file was:
int main() { return 0; }
